<?xml version="1.0" encoding="UTF-8"?>
<testsuite xmlns:xsi="http://www.w3.org/2001/XMLSchema-instance" xsi:noNamespaceSchemaLocation="https://maven.apache.org/surefire/maven-surefire-plugin/xsd/surefire-test-report-3.0.xsd" version="3.0" name="CakeTests" time="0.328" tests="5" errors="0" skipped="0" failures="0">
  <properties>
[...]
</properties>
  <testcase name="testIsChocolate" classname="CakeTests" time="0.078">
    <system-out><![CDATA[tests started
test started
test completed
]]></system-out>
  </testcase>
  <testcase name="testSetRating(String)[1]" classname="CakeTests" time="0.047">
    <system-out><![CDATA[test started
test completed
]]></system-out>
  </testcase>
  <testcase name="testSetRating(String)[2]" classname="CakeTests" time="0.015">
    <system-out><![CDATA[test started
test completed
]]></system-out>
  </testcase>
  <testcase name="testSetRating(String)[3]" classname="CakeTests" time="0">
    <system-out><![CDATA[test started
test completed
]]></system-out>
  </testcase>
  <testcase name="testSetWeight" classname="CakeTests" time="0">
    <system-out><![CDATA[test started
test completed
]]></system-out>
  </testcase>
</testsuite>